<?xml version="1.0" encoding="UTF-8"?>
<!-- Generated by org.testng.reporters.JUnitReportReporter -->
<testsuite hostname="AshwiniK1133" failures="0" tests="2" name="com.mystore.testcases.IndexPageTest" time="34.052" errors="0" timestamp="2022-02-28T15:11:17 IST" skipped="0">
  <testcase classname="com.mystore.testcases.IndexPageTest" name="verifyTitle" time="17.629"/>
  <system-out/>
  <testcase classname="com.mystore.testcases.IndexPageTest" name="verifyLogo" time="16.423"/>
  <system-out/>
</testsuite> <!-- com.mystore.testcases.IndexPageTest -->
