<?xml version="1.0" encoding="UTF-8"?>
<!-- Generated by org.testng.reporters.JUnitReportReporter -->
<testsuite hostname="AshwiniK1133" failures="0" tests="2" name="com.mystore.testcases.HomePageTest" time="55.026" errors="0" timestamp="2022-02-28T15:08:19 IST" skipped="0">
  <testcase classname="com.mystore.testcases.HomePageTest" name="wishListTest" time="27.304"/>
  <system-out/>
  <testcase classname="com.mystore.testcases.HomePageTest" name="orderHistoryandDetailsTest" time="27.722"/>
  <system-out/>
</testsuite> <!-- com.mystore.testcases.HomePageTest -->
