<?xml version="1.0" encoding="UTF-8"?>
<!-- Generated by org.testng.reporters.JUnitReportReporter -->
<testsuite hostname="AshwiniK1133" failures="0" tests="1" name="com.mystore.testcases.LoginPageTest" time="36.349" errors="0" timestamp="2022-02-28T15:11:17 IST" skipped="0">
  <testcase classname="com.mystore.testcases.LoginPageTest" name="loginTest" time="36.349"/>
  <system-out/>
</testsuite> <!-- com.mystore.testcases.LoginPageTest -->
